<?xml version="1.0" encoding="UTF-8"?>
<testsuite name="com.jenkinstest.TestCalculator" tests="1" skipped="0" failures="0" errors="0" timestamp="2022-02-23T11:53:00" hostname="prabalj01-PC" time="0.017">
  <properties/>
  <testcase name="GivenTwoIntegersAddReturnsAddition()" classname="com.jenkinstest.TestCalculator" time="0.017"/>
  <system-out><![CDATA[TEST CLASS
]]></system-out>
  <system-err><![CDATA[]]></system-err>
</testsuite>
