<?xml version="1.0" encoding="UTF-8"?>
<testsuite name="com.jenkinstest.TestCalculator" tests="1" skipped="0" failures="0" errors="0" timestamp="2022-02-21T13:35:01" hostname="pallab01-PC" time="0.013">
  <properties/>
  <testcase name="GivenTwoIntegersAddReturnsAddition()" classname="com.jenkinstest.TestCalculator" time="0.013"/>
  <system-out><![CDATA[TEST CLASS
]]></system-out>
  <system-err><![CDATA[]]></system-err>
</testsuite>
